<?xml version="1.0" encoding="UTF-8"?>
<persistence version="2.1"
             xmlns="http://xmlns.jcp.org/xml/ns/persistence" xmlns:xsi="http://www.w3.org/2001/XMLSchema-instance"
             xsi:schemaLocation="
        http://xmlns.jcp.org/xml/ns/persistence
        http://xmlns.jcp.org/xml/ns/persistence/persistence_2_1.xsd">
    <persistence-unit id="authorization-ejbPU" transaction-type="JTA">
        <jta-data-source>java:jboss/datasources/TestDS</jta-data-source>
        <properties>
            <property id="hibernate.hbm2ddl.auto" value="create-drop"/>
            <property id="hibernate.show_sql" value="false"/>
            <property id="hibernate.format_sql" value="false"/>
            <property id="hibernate.use_sql_comments" value="false"/>
        </properties>
    </persistence-unit>
</persistence>
